<?xml version="1.0" encoding="UTF-8"?>
<!-- Generated by org.testng.reporters.JUnitXMLReporter -->
<testsuite hostname="DESKTOP-LDJHEHK" ignored="0" name="Test" tests="1" failures="1" timestamp="30 Apr 2020 06:39:21 GMT" time="88.385" errors="0">
  <testcase name="findingFlights" time="87.141" classname="testCases.FlightSearchTestCase">
    <failure type="org.openqa.selenium.NoSuchElementException" message="Cannot locate an element using xpath=//*[@id=&amp;quot;sorting-togglers&amp;quot;]/div[5]/span/span[1]
For documentation on this error, please visit: https://www.seleniumhq.org/exceptions/no_such_element.html
Build info: version: &amp;apos;3.141.59&amp;apos;, revision: &amp;apos;e82be7d358&amp;apos;, time: &amp;apos;2018-11-14T08:17:03&amp;apos;
System info: host: &amp;apos;DESKTOP-LDJHEHK&amp;apos;, ip: &amp;apos;192.168.43.110&amp;apos;, os.name: &amp;apos;Windows 10&amp;apos;, os.arch: &amp;apos;x86&amp;apos;, os.version: &amp;apos;10.0&amp;apos;, java.version: &amp;apos;1.8.0_241&amp;apos;
Driver info: driver.version: RemoteWebDriver">
      <![CDATA[org.openqa.selenium.NoSuchElementException: Cannot locate an element using xpath=//*[@id="sorting-togglers"]/div[5]/span/span[1]
For documentation on this error, please visit: https://www.seleniumhq.org/exceptions/no_such_element.html
Build info: version: '3.141.59', revision: 'e82be7d358', time: '2018-11-14T08:17:03'
System info: host: 'DESKTOP-LDJHEHK', ip: '192.168.43.110', os.name: 'Windows 10', os.arch: 'x86', os.version: '10.0', java.version: '1.8.0_241'
Driver info: driver.version: RemoteWebDriver
at org.openqa.selenium.remote.RemoteWebDriver.findElement(RemoteWebDriver.java:327)
at org.openqa.selenium.remote.RemoteWebDriver.findElementByXPath(RemoteWebDriver.java:428)
at org.openqa.selenium.By$ByXPath.findElement(By.java:353)
at org.openqa.selenium.remote.RemoteWebDriver.findElement(RemoteWebDriver.java:315)
at org.openqa.selenium.support.pagefactory.DefaultElementLocator.findElement(DefaultElementLocator.java:69)
at org.openqa.selenium.support.pagefactory.internal.LocatingElementHandler.invoke(LocatingElementHandler.java:38)
at com.sun.proxy.$Proxy8.click(Unknown Source)
at pom.FlightResult.getTopFiveFlight(FlightResult.java:33)
at testCases.FlightSearchTestCase.findingFlights(FlightSearchTestCase.java:26)
... Removed 25 stack frames]]>
    </failure>
  </testcase> <!-- findingFlights -->
</testsuite> <!-- Test -->
