<?xml version="1.0" encoding="UTF-8"?>
<testng-results skipped="0" failed="0" ignored="0" total="1" passed="1">
  <reporter-output>
  </reporter-output>
  <suite name="Default suite" duration-ms="80752" started-at="2020-04-30T06:51:01Z" finished-at="2020-04-30T06:52:22Z">
    <groups>
    </groups>
    <test name="Default test" duration-ms="80752" started-at="2020-04-30T06:51:01Z" finished-at="2020-04-30T06:52:22Z">
      <class name="testCases.FlightSearchTestCase">
        <test-method status="PASS" signature="findingFlights()[pri:0, instance:testCases.FlightSearchTestCase@1fffcd7]" name="findingFlights" duration-ms="73193" started-at="2020-04-30T06:51:01Z" finished-at="2020-04-30T06:52:15Z">
          <reporter-output>
          </reporter-output>
        </test-method> <!-- findingFlights -->
        <test-method status="PASS" signature="close()[pri:0, instance:testCases.FlightSearchTestCase@1fffcd7]" name="close" is-config="true" duration-ms="7303" started-at="2020-04-30T06:52:15Z" finished-at="2020-04-30T06:52:22Z">
          <reporter-output>
          </reporter-output>
        </test-method> <!-- close -->
      </class> <!-- testCases.FlightSearchTestCase -->
    </test> <!-- Default test -->
  </suite> <!-- Default suite -->
</testng-results>
